     1  000000             ;
     2  000000             ; +-------------------------------------------------------------------------+
     3  000000             ; |      This file was generated by The Interactive Disassembler (IDA)      |
     4  000000             ; |           Copyright (c) 2025 Hex-Rays, <support@hex-rays.com>           |
     5  000000             ; |                      License info: 96-2137-ACAB-99                      |
     6  000000             ; |                           ilfak@hex-rays.com                            |
     7  000000             ; +-------------------------------------------------------------------------+
     8  000000             ;
     9  000000             ; Input SHA256 : 5E02350C7E0F7FBD9D42FC065EFAACB76B4F10DEB8FE350C4EB0A8F7DCEC354D
    10  000000             ; Input MD5    : 50F47480CF6AE3EA6EB9A5D451B9AE85
    11  000000             ; Input CRC32  : B7AB01A1
    12  000000             
    13  000000             ; File Name   : C:\Users\user\Desktop\Amcrest\USB_XU_BurnerAp_v1.1.3.0\SonixAllRomFile.src
    14  000000             ; Format      : Binary file
    15  000000             ; Base Address: 0000h Range: 0000h - 10000h Loaded length: 10000h
    16  000000             
    17  000000             ; Processor       : CME_M5 [RAM=256 ROM=0 EPROM=0 EEPROM=0]
    18  000000             ; Target assembler: ASMI
    19  000000             ; Byte sex        : Big endian
    20  000000             
    21  000000             ; ===========================================================================
    22  000000             
    23  000000             ; Segment type: Pure data
    24  000000                             ;.segment CODE
    25  000000             
    26  000000             ; =============== S U B R O U T I N E =======================================
    27  000000             
    28  000000             ; RESET
    29  000000             
    30  000000                             ; public reset
    31  000000             reset:
    32  000000                             anl     RAM_4E, #0x39
    33  000000             ; End of function reset
    34  000000             
    35  000000             
    36  000000             ; =============== S U B R O U T I N E =======================================
    37  000000             
    38  000000             ; External interrupt 0
    39  000000             
    40  000000                             ; public extint0
    41  000000             extint0:
    42  000000                             orl     RAM_32, #0x37
    43  000000                             addc    A, RAM_0
    44  000000                             cpl     A
    45  000000                             dec     R0
    46  000000                             rl      A
    47  000000             ; End of function extint0
    48  000000             
    49  000000             
    50  000000                             ; public timint0
    51  000000             timint0:                                ; Timer 0 Overflow
    52  000000                             cpl     B.4
    53  000000                             mov     R4, A
    54  000000                             rl      A
    55  000000                             cpl     B.5             ; B Register
    56  000000             ; ---------------------------------------------------------------------------
    57  000000                             .byte 0xB9
    58  000000                             .byte 0xEE
    59  000000             
    60  000000             ; =============== S U B R O U T I N E =======================================
    61  000000             
    62  000000             ; External interrupt 1
    63  000000             
    64  000000                             ; public extint1
    65  000000             extint1:                                ; CODE XREF: CODE_C379+61↓j
    66  000000                             mov     RAM_23, R0
    67  000000                             cpl     RAM_24.3
    68  000000                             cpl     RAM_24.3
    69  000000                             cpl     B.0             ; B Register
    70  000000             ; End of function extint1
    71  000000             
    72  000000             
    73  000000             ; =============== S U B R O U T I N E =======================================
    74  000000             
    75  000000             ; Timer 1 Overflow
    76  000000             
    77  000000                             ; public timint1
    78  000000             timint1:
    79  000000                             djnz    R4, CODE_3F+1
    80  000000                             cpl     RAM_24.3
    81  000000                             cpl     FSR_E8.7
    82  000000                             setb    C
    83  000000                             movx    A, @R0
    84  000000             ; End of function timint1
    85  000000             
    86  000000             
    87  000000             ; =============== S U B R O U T I N E =======================================
    88  000000             
    89  000000             ; Serial Port 0 interrupt
    90  000000             
    91  000000                             ; public serint0
    92  000000             serint0:
    93  000000                             subb    A, @R0
    94  000000                             rl      A
    95  000000                             cpl     RAM_24.3
    96  000000                             cpl     RAM_24.3
    97  000000                             cpl     RAM_24.3
    98  000000             ; End of function serint0
    99  000000             
   100  000000             
   101  000000             ; =============== S U B R O U T I N E =======================================
   102  000000             
   103  000000             ; Timer 2 Overflow
   104  000000             
   105  000000                             ; public timint2
   106  000000             timint2:
   107  000000                             cpl     RAM_24.3
   108  000000                             cpl     RAM_24.3
   109  000000                             cpl     RAM_24.3
   110  000000                             cpl     RAM_24.3
   111  000000                             cpl     RAM_24.3
   112  000000                             cpl     RAM_24.3
   113  000000                             cpl     RAM_24.3
   114  000000                             cpl     RAM_24.3
   115  000000                             cpl     RAM_24.3
   116  000000                             cpl     RAM_24.3
   117  000000             
   118  000000             CODE_3F:                                ; CODE XREF: timint1↑j
   119  000000                             ajmp    extint12_0
   120  000000             ; End of function timint2
   121  000000             
   122  000000             ; ---------------------------------------------------------------------------
   123  000000                             .byte 0xB2
   124  000000                             .byte 0x23 ; #
   125  000000             
   126  000000             ; =============== S U B R O U T I N E =======================================
   127  000000             
   128  000000             ; External interrupt 7 / I2C interrupt
   129  000000             
   130  000000                             ; public i2cint
   131  000000             i2cint:
   132  000000                             cpl     RAM_24.3
   133  000000                             cpl     RAM_24.3
   134  000000                             cpl     RAM_24.3
   135  000000                             cpl     RAM_24.3
   136  000000             ; End of function i2cint
   137  000000             
   138  000000             
   139  000000             ; =============== S U B R O U T I N E =======================================
   140  000000             
   141  000000             ; External interrupt 2 / SPI interrupt
   142  000000             
   143  000000                             ; public spiint
   144  000000             spiint:
   145  000000                             cpl     RAM_24.3
   146  000000                             cpl     RAM_24.3
   147  000000                             ajmp    CODE_3F4+1
   148  000000             ; End of function spiint
   149  000000             
   150  000000             ; ---------------------------------------------------------------------------
   151  000000                             .byte 0xB3
   152  000000                             .byte 0xF5
   153  000000             
   154  000000             ; =============== S U B R O U T I N E =======================================
   155  000000             
   156  000000             ; External interrupt 3
   157  000000             
   158  000000                             ; public extint3
   159  000000             extint3:
   160  000000                             acall   CODE_523
   161  000000                             ajmp    extint12_0
   162  000000             ; End of function extint3
   163  000000             
   164  000000             ; ---------------------------------------------------------------------------
   165  000000                             .byte 0x61 ; a
   166  000000                             .byte 0x23 ; #
   167  000000                             .byte 0xB2
   168  000000                             .byte 0x23 ; #
   169  000000             
   170  000000             ; =============== S U B R O U T I N E =======================================
   171  000000             
   172  000000             ; External interrupt 4
   173  000000             
   174  000000                             ; public extint4
   175  000000             extint4:
   176  000000                             cpl     RAM_24.3
   177  000000                             cpl     RAM_24.3
   178  000000                             cpl     RAM_24.3
   179  000000                             ajmp    extint12_0
   180  000000             ; End of function extint4
   181  000000             
   182  000000             
   183  000000             ; =============== S U B R O U T I N E =======================================
   184  000000             
   185  000000             ; External interrupt 5
   186  000000             
   187  000000                             ; public extint5
   188  000000             extint5:
   189  000000                             cpl     RAM_24.3
   190  000000                             cpl     RAM_24.3
   191  000000                             cpl     RAM_24.3
   192  000000                             cpl     B.1             ; B Register
   193  000000             ; End of function extint5
   194  000000             
   195  000000             
   196  000000             ; =============== S U B R O U T I N E =======================================
   197  000000             
   198  000000             ; External interrupt 6
   199  000000             
   200  000000                             ; public extint6
   201  000000             extint6:
   202  000000                             jnc     CODE_8F+1
   203  000000                             cpl     RAM_24.3
   204  000000                             cpl     PSW.3           ; Program Status Word
   205  000000                             movx    A, @R1
   206  000000                             rl      A
   207  000000                             cpl     B.5             ; B Register
   208  000000                             mov     R3, ISCHEADER2  ; In System Configuration Header[23:9]
   209  000000                             mov     R3, RAM_23
   210  000000             
   211  000000             CODE_79:                                ; CODE XREF: rtcint:CODE_211↓j
   212  000000                             cpl     RAM_24.3
   213  000000                             cpl     B.5             ; B Register
   214  000000                             subb    A, R2
   215  000000                             rl      A
   216  000000             
   217  000000             CODE_7F:                                ; CODE XREF: CODE_B74B↓j
   218  000000                             cpl     RAM_24.3
   219  000000                             cpl     RAM_24.3
   220  000000             ; End of function extint6
   221  000000             
   222  000000             
   223  000000             ; =============== S U B R O U T I N E =======================================
   224  000000             
   225  000000             ; Serial Port 1 interrupt
   226  000000             
   227  000000                             ; public serint1
   228  000000             serint1:
   229  000000                             cpl     RAM_24.3
   230  000000                             cpl     RAM_24.3
   231  000000                             cpl     RAM_24.3
   232  000000                             cpl     RAM_24.3
   233  000000             ; End of function serint1
   234  000000             
   235  000000             
   236  000000             ; =============== S U B R O U T I N E =======================================
   237  000000             
   238  000000             ; External interrupt 8 / DMA Channel 0 & 4
   239  000000             
   240  000000                             ; public extint8
   241  000000             extint8:
   242  000000                             cpl     RAM_24.3
   243  000000                             cpl     RAM_24.3
   244  000000             
   245  000000             CODE_8F:                                ; CODE XREF: extint6↑j
   246  000000                             cpl     RAM_24.3
   247  000000                             cpl     RAM_24.3
   248  000000             ; End of function extint8
   249  000000             
   250  000000             
   251  000000             ; =============== S U B R O U T I N E =======================================
   252  000000             
   253  000000             ; External interrupt 9 / DMA Channel 1 & 5
   254  000000             
   255  000000                             ; public extint9
   256  000000             extint9:
   257  000000                             cpl     RAM_24.3
   258  000000                             cpl     RAM_24.3
   259  000000                             cpl     RAM_24.3
   260  000000                             cpl     RAM_24.3
   261  000000             ; End of function extint9
   262  000000             
   263  000000             
   264  000000             ; =============== S U B R O U T I N E =======================================
   265  000000             
   266  000000             ; External interrupt 10 / DMA Channel 2 & 6
   267  000000             
   268  000000                             ; public extint10
   269  000000             extint10:
   270  000000                             cpl     RAM_24.3
   271  000000                             cpl     RAM_24.3
   272  000000                             cpl     RAM_24.3
   273  000000                             cpl     RAM_24.3
   274  000000             ; End of function extint10
   275  000000             
   276  000000             
   277  000000             ; =============== S U B R O U T I N E =======================================
   278  000000             
   279  000000             ; External interrupt 11 / DMA Channel 3 & 7
   280  000000             
   281  000000                             ; public extint11
   282  000000             extint11:
   283  000000                             cpl     RAM_24.3
   284  000000                             cpl     RAM_24.3
   285  000000                             cpl     RAM_24.3
   286  000000                             ajmp    extint12_0
   287  000000             ; End of function extint11
   288  000000             
   289  000000             ; [00000002 BYTES: COLLAPSED FUNCTION extint12. PRESS CTRL-NUMPAD+ TO EXPAND]
   290  000000                             .byte 0x61 ; a
   291  000000                             .byte 0x23 ; #
   292  000000                             .byte 0x61 ; a
   293  000000                             .byte 0x23 ; #
   294  000000                             .byte 0x61 ; a
   295  000000                             .byte 0x23 ; #
   296  000000                             .byte 0x61 ; a
   297  000000                             .byte 0x23 ; #
   298  000000                             .byte 0x61 ; a
   299  000000                             .byte 0x23 ; #
   300  000000                             .byte 0x61 ; a
   301  000000                             .byte 0x23 ; #
   302  000000                             .byte 0x61 ; a
   303  000000                             .byte 0x23 ; #
   304  000000                             .byte 0x61 ; a
   305  000000                             .byte 0xDF
   306  000000                             .byte 0x6D ; m
   307  000000                             .byte 0x23 ; #
   308  000000                             .byte 0xB2
   309  000000                             .byte 0xF5
   310  000000                             .byte 0xB5
   311  000000                             .byte 0x23 ; #
   312  000000                             .byte 0x61 ; a
   313  000000                             .byte 0xDD
   314  000000                             .byte 0xAF
   315  000000                             .byte 0xB1
   316  000000                             .byte 0x8B
   317  000000                             .byte 0x23 ; #
   318  000000                             .byte 0xB2
   319  000000                             .byte 0x23 ; #
   320  000000                             .byte 0xB2
   321  000000                             .byte 0x23 ; #
   322  000000                             .byte 0xB2
   323  000000                             .byte 0x23 ; #
   324  000000                             .byte 0xB2
   325  000000                             .byte 0x23 ; #
   326  000000                             .byte 0xB2
   327  000000                             .byte 0x23 ; #
   328  000000                             .byte 0xB2
   329  000000                             .byte 0x23 ; #
   330  000000                             .byte 0xB2
   331  000000                             .byte 0x23 ; #
   332  000000                             .byte 0xB2
   333  000000                             .byte 0x23 ; #
   334  000000                             .byte 0xB2
   335  000000                             .byte 0x23 ; #
   336  000000                             .byte 0xB2
   337  000000                             .byte 0x23 ; #
   338  000000                             .byte 0xB2
   339  000000                             .byte 0x23 ; #
   340  000000                             .byte 0xB2
   341  000000                             .byte 0x23 ; #
   342  000000                             .byte 0xB2
   343  000000                             .byte 0x23 ; #
   344  000000                             .byte 0xB2
   345  000000                             .byte 0x23 ; #
   346  000000                             .byte 0xB2
   347  000000                             .byte 0x23 ; #
   348  000000                             .byte 0xB2
   349  000000                             .byte 0x23 ; #
   350  000000                             .byte 0x61 ; a
   351  000000                             .byte 0x23 ; #
   352  000000             
   353  000000             ; =============== S U B R O U T I N E =======================================
   354  000000             
   355  000000             ; RTC interrupt
   356  000000             
   357  000000                             ; public rtcint
   358  000000             rtcint:
   359  000000                             ajmp    extint12_0
   360  000000             ; ---------------------------------------------------------------------------
   361  000000                             .byte 0x61 ; a
   362  000000                             .byte 0x23 ; #
   363  000000                             .byte 0x61 ; a
   364  000000                             .byte 0x23 ; #
   365  000000                             .byte 0x61 ; a
   366  000000                             .byte 0x23 ; #
   367  000000                             .byte 0xB2
   368  000000                             .byte 0x23 ; #
   369  000000                             .byte 0xB2
   370  000000                             .byte 0x23 ; #
   371  000000                             .byte 0xB2
   372  000000                             .byte 0x23 ; #
   373  000000                             .byte 0xB2
   374  000000                             .byte 0x23 ; #
   375  000000                             .byte 0x61 ; a
   376  000000                             .byte 0x24 ; $
   377  000000                             .byte 0x18
   378  000000                             .byte 0x23 ; #
   379  000000                             .byte 0x61 ; a
   380  000000                             .byte 0x23 ; #
   381  000000                             .byte 0x61 ; a
   382  000000                             .byte 0x23 ; #
   383  000000                             .byte 0x61 ; a
   384  000000                             .byte 0x23 ; #
   385  000000                             .byte 0x61 ; a
   386  000000                             .byte 0x23 ; #
   387  000000                             .byte 0x61 ; a
   388  000000                             .byte 0x23 ; #
   389  000000                             .byte 0x61 ; a
   390  000000                             .byte 0x23 ; #
   391  000000                             .byte 0x61 ; a
   392  000000                             .byte 0x23 ; #
   393  000000                             .byte 0x61 ; a
   394  000000                             .byte 0x23 ; #
   395  000000                             .byte 0x61 ; a
   396  000000                             .byte 0x23 ; #
   397  000000                             .byte 0x61 ; a
   398  000000                             .byte 0x23 ; #
   399  000000                             .byte 0x61 ; a
   400  000000                             .byte 0x23 ; #
   401  000000                             .byte 0x61 ; a
   402  000000                             .byte 0x23 ; #
   403  000000                             .byte 0x61 ; a
   404  000000                             .byte 0x23 ; #
   405  000000                             .byte 0x61 ; a
   406  000000                             .byte 0x23 ; #
   407  000000                             .byte 0x61 ; a
   408  000000                             .byte 0x23 ; #
   409  000000                             .byte 0x61 ; a
   410  000000                             .byte 0x23 ; #
   411  000000                             .byte 0x61 ; a
   412  000000                             .byte 0x23 ; #
   413  000000                             .byte 0x61 ; a
   414  000000                             .byte 0x23 ; #
   415  000000                             .byte 0x61 ; a
   416  000000                             .byte 0x23 ; #
   417  000000                             .byte 0x61 ; a
   418  000000                             .byte 0x23 ; #
   419  000000                             .byte 0x61 ; a
   420  000000                             .byte 0x23 ; #
   421  000000                             .byte 0x61 ; a
   422  000000                             .byte 0x23 ; #
   423  000000                             .byte 0x61 ; a
   424  000000                             .byte 0x23 ; #
   425  000000                             .byte 0x61 ; a
   426  000000                             .byte 0x23 ; #
   427  000000                             .byte 0x61 ; a
   428  000000                             .byte 0x23 ; #
   429  000000                             .byte 0x61 ; a
   430  000000                             .byte 0x23 ; #
   431  000000                             .byte 0x61 ; a
   432  000000                             .byte 0x23 ; #
   433  000000                             .byte 0x61 ; a
   434  000000                             .byte 0x23 ; #
   435  000000                             .byte 0x61 ; a
   436  000000                             .byte 0x23 ; #
   437  000000                             .byte 0x61 ; a
   438  000000                             .byte 0x23 ; #
   439  000000                             .byte 0x61 ; a
   440  000000                             .byte 0x23 ; #
   441  000000                             .byte 0x61 ; a
   442  000000                             .byte 0x23 ; #
   443  000000                             .byte 0x61 ; a
   444  000000                             .byte 0x23 ; #
   445  000000                             .byte 0x61 ; a
   446  000000                             .byte 0x23 ; #
   447  000000                             .byte 0x61 ; a
   448  000000                             .byte 0x23 ; #
   449  000000                             .byte 0x61 ; a
   450  000000                             .byte 0x23 ; #
   451  000000                             .byte 0x61 ; a
